05/31/2020 05:21:59 PM Starting app..
05/31/2020 05:22:01 PM no cat, sleeping..
05/31/2020 05:22:06 PM no cat, sleeping..
05/31/2020 05:22:11 PM no cat, sleeping..
05/31/2020 05:23:39 PM Starting app..
05/31/2020 05:24:47 PM Starting app..
05/31/2020 06:54:26 PM Starting app..
05/31/2020 07:13:27 PM Starting app..
05/31/2020 07:13:30 PM no foodbowl, sleeping..
05/31/2020 07:13:40 PM no foodbowl, sleeping..
05/31/2020 07:13:50 PM no foodbowl, sleeping..
05/31/2020 07:14:00 PM no foodbowl, sleeping..
05/31/2020 07:14:10 PM no foodbowl, sleeping..
05/31/2020 07:14:20 PM no foodbowl, sleeping..
05/31/2020 07:14:30 PM no foodbowl, sleeping..
05/31/2020 07:15:07 PM Starting app..
05/31/2020 07:15:10 PM no foodbowl, sleeping..
05/31/2020 07:15:11 PM no foodbowl, sleeping..
05/31/2020 07:15:12 PM no foodbowl, sleeping..
05/31/2020 07:15:13 PM no foodbowl, sleeping..
05/31/2020 07:15:14 PM no foodbowl, sleeping..
05/31/2020 07:15:16 PM no foodbowl, sleeping..
05/31/2020 07:15:17 PM no foodbowl, sleeping..
05/31/2020 07:15:18 PM no foodbowl, sleeping..
05/31/2020 07:15:19 PM no foodbowl, sleeping..
05/31/2020 07:15:20 PM no foodbowl, sleeping..
05/31/2020 07:15:21 PM no foodbowl, sleeping..
05/31/2020 07:15:22 PM no foodbowl, sleeping..
05/31/2020 07:16:25 PM Starting app..
05/31/2020 07:16:26 PM no foodbowl, sleeping..
05/31/2020 07:16:27 PM no foodbowl, sleeping..
05/31/2020 07:16:28 PM no foodbowl, sleeping..
05/31/2020 07:16:34 PM Ate food because of overlap
05/31/2020 09:27:11 PM Starting app..
05/31/2020 09:27:12 PM no foodbowl, sleeping..
05/31/2020 09:27:13 PM no foodbowl, sleeping..
05/31/2020 09:27:14 PM no foodbowl, sleeping..
05/31/2020 09:27:47 PM Starting app..
05/31/2020 09:27:53 PM Ate food because of overlap
05/31/2020 09:27:59 PM Starting app..
05/31/2020 09:28:00 PM no foodbowl, sleeping..
05/31/2020 09:28:01 PM no foodbowl, sleeping..
05/31/2020 09:28:02 PM no foodbowl, sleeping..
05/31/2020 09:28:03 PM no foodbowl, sleeping..
05/31/2020 09:28:04 PM no foodbowl, sleeping..
05/31/2020 09:28:05 PM no foodbowl, sleeping..
05/31/2020 09:28:06 PM no foodbowl, sleeping..
05/31/2020 09:28:07 PM no foodbowl, sleeping..
05/31/2020 09:28:08 PM no foodbowl, sleeping..
05/31/2020 09:28:09 PM no foodbowl, sleeping..
05/31/2020 09:28:10 PM no foodbowl, sleeping..
05/31/2020 09:28:11 PM no foodbowl, sleeping..
05/31/2020 09:28:13 PM no foodbowl, sleeping..
05/31/2020 09:28:14 PM no foodbowl, sleeping..
05/31/2020 09:28:23 PM Starting app..
05/31/2020 09:31:15 PM Starting app..
05/31/2020 09:31:18 PM no cat, sleeping..
05/31/2020 09:31:23 PM no cat, sleeping..
05/31/2020 09:31:28 PM no cat, sleeping..
05/31/2020 09:31:33 PM no cat, sleeping..
05/31/2020 09:31:38 PM no cat, sleeping..
05/31/2020 09:31:43 PM no cat, sleeping..
05/31/2020 09:31:49 PM no cat, sleeping..
05/31/2020 09:31:54 PM no cat, sleeping..
05/31/2020 09:31:59 PM no cat, sleeping..
05/31/2020 09:32:04 PM no cat, sleeping..
05/31/2020 09:32:09 PM no cat, sleeping..
05/31/2020 09:32:14 PM no cat, sleeping..
05/31/2020 09:32:19 PM no cat, sleeping..
05/31/2020 09:32:24 PM no cat, sleeping..
05/31/2020 09:32:29 PM no cat, sleeping..
05/31/2020 09:33:02 PM Starting app..
05/31/2020 09:33:49 PM Starting app..
05/31/2020 09:33:53 PM no cat, sleeping..
05/31/2020 09:33:58 PM no cat, sleeping..
05/31/2020 09:34:03 PM no cat, sleeping..
05/31/2020 09:34:08 PM no cat, sleeping..
05/31/2020 09:34:13 PM no cat, sleeping..
05/31/2020 09:35:11 PM Starting app..
05/31/2020 09:35:16 PM no foodbowl, sleeping..
05/31/2020 09:35:17 PM no foodbowl, sleeping..
05/31/2020 09:35:18 PM no foodbowl, sleeping..
05/31/2020 09:35:19 PM no foodbowl, sleeping..
05/31/2020 09:35:20 PM no foodbowl, sleeping..
05/31/2020 09:35:21 PM no foodbowl, sleeping..
05/31/2020 09:35:27 PM Starting app..
05/31/2020 09:35:52 PM Starting app..
05/31/2020 09:35:53 PM no foodbowl, sleeping..
05/31/2020 09:35:54 PM no foodbowl, sleeping..
05/31/2020 09:35:55 PM no foodbowl, sleeping..
05/31/2020 09:35:56 PM no foodbowl, sleeping..
05/31/2020 09:35:57 PM no foodbowl, sleeping..
05/31/2020 09:35:58 PM no foodbowl, sleeping..
05/31/2020 09:35:59 PM no foodbowl, sleeping..
05/31/2020 09:36:00 PM no foodbowl, sleeping..
05/31/2020 09:36:01 PM no foodbowl, sleeping..
05/31/2020 09:36:02 PM no foodbowl, sleeping..
05/31/2020 09:36:04 PM no foodbowl, sleeping..
05/31/2020 09:36:05 PM no foodbowl, sleeping..
05/31/2020 09:36:06 PM no foodbowl, sleeping..
05/31/2020 09:36:07 PM no foodbowl, sleeping..
05/31/2020 09:36:08 PM no foodbowl, sleeping..
05/31/2020 09:36:09 PM no foodbowl, sleeping..
05/31/2020 09:36:10 PM no foodbowl, sleeping..
05/31/2020 09:36:11 PM no foodbowl, sleeping..
05/31/2020 09:36:12 PM no foodbowl, sleeping..
05/31/2020 09:36:13 PM no foodbowl, sleeping..
05/31/2020 09:36:14 PM no foodbowl, sleeping..
05/31/2020 09:36:15 PM no foodbowl, sleeping..
05/31/2020 09:36:16 PM no foodbowl, sleeping..
05/31/2020 09:36:17 PM no foodbowl, sleeping..
05/31/2020 09:36:19 PM no foodbowl, sleeping..
05/31/2020 09:36:34 PM Starting app..
05/31/2020 09:36:35 PM no foodbowl, sleeping..
05/31/2020 09:36:36 PM no foodbowl, sleeping..
05/31/2020 09:36:37 PM no foodbowl, sleeping..
05/31/2020 09:36:38 PM no foodbowl, sleeping..
05/31/2020 09:36:39 PM no foodbowl, sleeping..
05/31/2020 09:36:40 PM no foodbowl, sleeping..
05/31/2020 09:36:41 PM no foodbowl, sleeping..
05/31/2020 09:36:42 PM no foodbowl, sleeping..
05/31/2020 09:36:43 PM no foodbowl, sleeping..
05/31/2020 09:36:44 PM no foodbowl, sleeping..
05/31/2020 09:36:45 PM no foodbowl, sleeping..
05/31/2020 09:36:46 PM no foodbowl, sleeping..
05/31/2020 09:36:47 PM no foodbowl, sleeping..
05/31/2020 09:36:49 PM no foodbowl, sleeping..
05/31/2020 09:36:50 PM no foodbowl, sleeping..
05/31/2020 09:36:51 PM no foodbowl, sleeping..
05/31/2020 09:36:52 PM no foodbowl, sleeping..
05/31/2020 09:36:53 PM no foodbowl, sleeping..
05/31/2020 09:36:54 PM no foodbowl, sleeping..
05/31/2020 09:36:55 PM no foodbowl, sleeping..
05/31/2020 09:36:56 PM no foodbowl, sleeping..
05/31/2020 09:36:57 PM no foodbowl, sleeping..
05/31/2020 09:36:58 PM no foodbowl, sleeping..
05/31/2020 09:37:39 PM Starting app..
05/31/2020 09:37:40 PM no foodbowl, sleeping..
05/31/2020 09:37:41 PM no foodbowl, sleeping..
05/31/2020 09:37:42 PM no foodbowl, sleeping..
05/31/2020 09:37:43 PM no foodbowl, sleeping..
05/31/2020 09:37:44 PM no foodbowl, sleeping..
05/31/2020 09:37:45 PM no foodbowl, sleeping..
05/31/2020 09:37:46 PM no foodbowl, sleeping..
05/31/2020 09:37:48 PM no foodbowl, sleeping..
05/31/2020 09:37:49 PM no foodbowl, sleeping..
05/31/2020 09:37:50 PM no foodbowl, sleeping..
05/31/2020 09:37:51 PM no foodbowl, sleeping..
05/31/2020 09:37:52 PM no foodbowl, sleeping..
05/31/2020 09:37:53 PM no foodbowl, sleeping..
05/31/2020 09:38:01 PM Starting app..
05/31/2020 09:38:01 PM no foodbowl, sleeping..
05/31/2020 09:38:02 PM no foodbowl, sleeping..
05/31/2020 09:38:03 PM no foodbowl, sleeping..
05/31/2020 09:38:05 PM no foodbowl, sleeping..
05/31/2020 09:38:06 PM no foodbowl, sleeping..
05/31/2020 09:38:07 PM no foodbowl, sleeping..
05/31/2020 09:38:08 PM no foodbowl, sleeping..
05/31/2020 09:38:09 PM no foodbowl, sleeping..
05/31/2020 09:38:10 PM no foodbowl, sleeping..
05/31/2020 09:38:11 PM no foodbowl, sleeping..
05/31/2020 09:38:12 PM no foodbowl, sleeping..
05/31/2020 09:38:13 PM no foodbowl, sleeping..
05/31/2020 09:38:14 PM no foodbowl, sleeping..
05/31/2020 09:38:15 PM no foodbowl, sleeping..
05/31/2020 09:38:16 PM no foodbowl, sleeping..
05/31/2020 09:38:17 PM no foodbowl, sleeping..
05/31/2020 09:38:19 PM no foodbowl, sleeping..
05/31/2020 09:38:20 PM no foodbowl, sleeping..
05/31/2020 09:38:21 PM no foodbowl, sleeping..
05/31/2020 09:38:22 PM no foodbowl, sleeping..
05/31/2020 09:38:23 PM no foodbowl, sleeping..
05/31/2020 09:38:24 PM no foodbowl, sleeping..
05/31/2020 09:38:25 PM no foodbowl, sleeping..
05/31/2020 09:38:26 PM no foodbowl, sleeping..
05/31/2020 09:38:27 PM no foodbowl, sleeping..
05/31/2020 09:38:28 PM no foodbowl, sleeping..
05/31/2020 09:38:29 PM no foodbowl, sleeping..
05/31/2020 09:38:30 PM no foodbowl, sleeping..
05/31/2020 09:38:31 PM no foodbowl, sleeping..
05/31/2020 09:38:32 PM no foodbowl, sleeping..
05/31/2020 09:38:33 PM no foodbowl, sleeping..
05/31/2020 09:38:35 PM no foodbowl, sleeping..
05/31/2020 09:38:36 PM no foodbowl, sleeping..
05/31/2020 09:38:37 PM no foodbowl, sleeping..
05/31/2020 09:38:44 PM Starting app..
05/31/2020 09:38:48 PM no foodbowl, sleeping..
05/31/2020 09:38:49 PM no foodbowl, sleeping..
05/31/2020 09:38:50 PM no foodbowl, sleeping..
05/31/2020 09:38:51 PM no foodbowl, sleeping..
05/31/2020 09:38:52 PM no foodbowl, sleeping..
05/31/2020 09:38:54 PM no foodbowl, sleeping..
05/31/2020 09:38:55 PM no foodbowl, sleeping..
05/31/2020 09:38:56 PM no foodbowl, sleeping..
05/31/2020 09:38:57 PM no foodbowl, sleeping..
05/31/2020 09:38:58 PM no foodbowl, sleeping..
05/31/2020 09:38:59 PM no foodbowl, sleeping..
05/31/2020 09:39:00 PM no foodbowl, sleeping..
05/31/2020 09:39:01 PM no foodbowl, sleeping..
05/31/2020 09:39:02 PM no foodbowl, sleeping..
05/31/2020 09:39:03 PM no foodbowl, sleeping..
05/31/2020 09:39:04 PM no foodbowl, sleeping..
05/31/2020 09:39:05 PM no foodbowl, sleeping..
05/31/2020 09:39:06 PM no foodbowl, sleeping..
05/31/2020 09:39:08 PM no foodbowl, sleeping..
05/31/2020 09:39:09 PM no foodbowl, sleeping..
05/31/2020 09:39:10 PM no foodbowl, sleeping..
05/31/2020 09:39:11 PM no foodbowl, sleeping..
05/31/2020 09:39:12 PM no foodbowl, sleeping..
05/31/2020 09:39:13 PM no foodbowl, sleeping..
05/31/2020 09:39:14 PM no foodbowl, sleeping..
05/31/2020 09:39:15 PM no foodbowl, sleeping..
05/31/2020 09:39:16 PM no foodbowl, sleeping..
05/31/2020 09:39:17 PM no foodbowl, sleeping..
05/31/2020 09:39:18 PM no foodbowl, sleeping..
05/31/2020 09:39:25 PM Starting app..
05/31/2020 09:39:26 PM no foodbowl, sleeping..
05/31/2020 09:39:27 PM no foodbowl, sleeping..
05/31/2020 09:39:28 PM no foodbowl, sleeping..
05/31/2020 09:39:29 PM no foodbowl, sleeping..
05/31/2020 09:39:30 PM no foodbowl, sleeping..
05/31/2020 09:39:31 PM no foodbowl, sleeping..
05/31/2020 09:39:32 PM no foodbowl, sleeping..
05/31/2020 09:39:33 PM no foodbowl, sleeping..
05/31/2020 09:39:34 PM no foodbowl, sleeping..
05/31/2020 09:39:35 PM no foodbowl, sleeping..
05/31/2020 09:39:36 PM no foodbowl, sleeping..
05/31/2020 09:39:38 PM no foodbowl, sleeping..
05/31/2020 09:39:39 PM no foodbowl, sleeping..
05/31/2020 09:39:40 PM no foodbowl, sleeping..
05/31/2020 09:39:41 PM no foodbowl, sleeping..
05/31/2020 09:39:42 PM no foodbowl, sleeping..
05/31/2020 09:39:43 PM no foodbowl, sleeping..
05/31/2020 09:39:44 PM no foodbowl, sleeping..
05/31/2020 09:39:45 PM no foodbowl, sleeping..
05/31/2020 09:39:46 PM no foodbowl, sleeping..
05/31/2020 09:39:47 PM no foodbowl, sleeping..
05/31/2020 09:39:48 PM no foodbowl, sleeping..
05/31/2020 09:39:49 PM no foodbowl, sleeping..
05/31/2020 09:39:50 PM no foodbowl, sleeping..
05/31/2020 09:39:51 PM no foodbowl, sleeping..
05/31/2020 09:39:52 PM no foodbowl, sleeping..
05/31/2020 09:39:54 PM no foodbowl, sleeping..
05/31/2020 09:39:55 PM no foodbowl, sleeping..
05/31/2020 09:39:56 PM no foodbowl, sleeping..
05/31/2020 09:39:57 PM no foodbowl, sleeping..
05/31/2020 09:39:58 PM no foodbowl, sleeping..
05/31/2020 09:39:59 PM no foodbowl, sleeping..
05/31/2020 09:40:00 PM no foodbowl, sleeping..
05/31/2020 09:40:01 PM no foodbowl, sleeping..
05/31/2020 09:40:02 PM no foodbowl, sleeping..
05/31/2020 09:40:03 PM no foodbowl, sleeping..
05/31/2020 09:40:14 PM Ate food because of missing bowl
